<?xml version="1.0" encoding="UTF-8"?>
<!-- Generated by org.testng.reporters.JUnitReportReporter -->
<testsuite skipped="0" hostname="DESKTOP-3FFEOHO" name="executeClasses.ExecuteManageUsers" tests="1" failures="0" timestamp="2022-03-18T08:31:59 IST" time="2.904" errors="0">
  <testcase name="verifyListUserTextInMnageUser" time="2.904" classname="executeClasses.ExecuteManageUsers"/>
  <system-out/>
</testsuite> <!-- executeClasses.ExecuteManageUsers -->
