<?xml version="1.0" encoding="UTF-8"?>
<!-- Generated by org.testng.reporters.JUnitReportReporter -->
<testsuite skipped="0" hostname="DESKTOP-3FFEOHO" name="executeClasses.ExecuteManageLocation" tests="1" failures="0" timestamp="2022-03-18T08:31:59 IST" time="4.362" errors="0">
  <testcase name="verifyListLocationTextIsGetin" time="4.362" classname="executeClasses.ExecuteManageLocation"/>
  <system-out/>
</testsuite> <!-- executeClasses.ExecuteManageLocation -->
