<?xml version="1.0" encoding="UTF-8"?>
<!-- Generated by org.testng.reporters.JUnitReportReporter -->
<testsuite skipped="0" hostname="DESKTOP-3FFEOHO" name="executeClasses.ExecuteManageExpense" tests="3" failures="0" timestamp="2022-03-18T07:49:25 IST" time="12.312" errors="0">
  <testcase name="verifyThreeLines" time="3.129" classname="executeClasses.ExecuteManageExpense"/>
  <system-out/>
  <testcase name="verifyThreeLines" time="6.102" classname="executeClasses.ExecuteManageExpense"/>
  <system-out/>
  <testcase name="verifyThreeLines" time="3.081" classname="executeClasses.ExecuteManageExpense"/>
  <system-out/>
</testsuite> <!-- executeClasses.ExecuteManageExpense -->
