<?xml version="1.0" encoding="UTF-8"?>
<!-- Generated by org.testng.reporters.JUnitReportReporter -->
<testsuite skipped="0" hostname="DESKTOP-3FFEOHO" name="executeClasses.ExecuteManageLocation" tests="4" failures="0" timestamp="2022-03-22T06:47:02 IST" time="15.003" errors="0">
  <testcase name="verifyListLocationTextIsGetin" time="2.728" classname="executeClasses.ExecuteManageLocation"/>
  <system-out/>
  <testcase name="verifySelectedCountryFromDropdownIsDisplayed" time="2.870" classname="executeClasses.ExecuteManageLocation"/>
  <system-out/>
  <testcase name="verifyListLocationDisplayed" time="2.540" classname="executeClasses.ExecuteManageLocation"/>
  <system-out/>
  <testcase name="verifyResetButnText" time="6.865" classname="executeClasses.ExecuteManageLocation"/>
  <system-out/>
</testsuite> <!-- executeClasses.ExecuteManageLocation -->
