<?xml version="1.0" encoding="UTF-8"?>
<!-- Generated by org.testng.reporters.JUnitReportReporter -->
<testsuite skipped="0" hostname="DESKTOP-3FFEOHO" name="executeClasses.ExecuteManageCOD" tests="1" failures="0" timestamp="2022-03-22T06:47:02 IST" time="2.653" errors="0">
  <testcase name="verifyRadioButnSelected" time="2.653" classname="executeClasses.ExecuteManageCOD"/>
  <system-out/>
</testsuite> <!-- executeClasses.ExecuteManageCOD -->
