<?xml version="1.0" encoding="UTF-8"?>
<!-- Generated by org.testng.reporters.JUnitReportReporter -->
<testsuite skipped="0" hostname="DESKTOP-3FFEOHO" name="executeClasses.ExecuteManageUsers" tests="3" failures="0" timestamp="2022-03-22T06:47:02 IST" time="8.410" errors="0">
  <testcase name="verifyListUserTextInMnageUser" time="2.833" classname="executeClasses.ExecuteManageUsers"/>
  <system-out/>
  <testcase name="verifyPasswordIsDiplayed" time="2.804" classname="executeClasses.ExecuteManageUsers"/>
  <system-out/>
  <testcase name="verifySearchButnBackgroundColor" time="2.773" classname="executeClasses.ExecuteManageUsers"/>
  <system-out/>
</testsuite> <!-- executeClasses.ExecuteManageUsers -->
