<?xml version="1.0" encoding="UTF-8"?>
<!-- Generated by org.testng.reporters.JUnitReportReporter -->
<testsuite skipped="0" hostname="DESKTOP-3FFEOHO" name="executeClasses.ExecuteAdminUsers" tests="1" failures="0" timestamp="2022-03-22T07:11:17 IST" time="4.416" errors="0">
  <testcase name="verifyPasswordArrowINAdminUsersPage" time="4.416" classname="executeClasses.ExecuteAdminUsers"/>
  <system-out/>
</testsuite> <!-- executeClasses.ExecuteAdminUsers -->
