<?xml version="1.0" encoding="UTF-8"?>
<!-- Generated by org.testng.reporters.JUnitReportReporter -->
<testsuite skipped="0" hostname="DESKTOP-3FFEOHO" name="executeClasses.ExecuteManageOrders" tests="2" failures="0" timestamp="2022-03-22T06:47:02 IST" time="6.386" errors="0">
  <testcase name="verifyViewedDetailsIsDisplayed" time="3.143" classname="executeClasses.ExecuteManageOrders"/>
  <system-out/>
  <testcase name="verifyAlertMsgText" time="3.243" classname="executeClasses.ExecuteManageOrders"/>
  <system-out/>
</testsuite> <!-- executeClasses.ExecuteManageOrders -->
