<?xml version="1.0" encoding="UTF-8"?>
<!-- Generated by org.testng.reporters.JUnitReportReporter -->
<testsuite skipped="0" hostname="DESKTOP-3FFEOHO" name="executeClasses.ExecuteManageSlider" tests="3" failures="0" timestamp="2022-03-22T06:47:02 IST" time="8.662" errors="0">
  <testcase name="verifyNewButnBackgroundColor" time="3.044" classname="executeClasses.ExecuteManageSlider"/>
  <system-out/>
  <testcase name="verifyListSliderDisplay" time="2.804" classname="executeClasses.ExecuteManageSlider"/>
  <system-out/>
  <testcase name="verifyListSliderText" time="2.814" classname="executeClasses.ExecuteManageSlider"/>
  <system-out/>
</testsuite> <!-- executeClasses.ExecuteManageSlider -->
