<?xml version="1.0" encoding="UTF-8"?>
<!-- Generated by org.testng.reporters.JUnitReportReporter -->
<testsuite skipped="0" hostname="DESKTOP-3FFEOHO" name="executeClasses.ExecuteCategory" tests="1" failures="0" timestamp="2022-03-22T06:47:02 IST" time="2.736" errors="0">
  <testcase name="verifyListCategoryText" time="2.736" classname="executeClasses.ExecuteCategory"/>
  <system-out/>
</testsuite> <!-- executeClasses.ExecuteCategory -->
