<?xml version="1.0" encoding="UTF-8"?>
<!-- Generated by org.testng.reporters.JUnitReportReporter -->
<testsuite skipped="0" hostname="DESKTOP-3FFEOHO" name="executeClasses.ExecuteManagePage" tests="1" failures="0" timestamp="2022-03-22T06:47:02 IST" time="2.843" errors="0">
  <testcase name="VerifyFooterMsg" time="2.843" classname="executeClasses.ExecuteManagePage"/>
  <system-out/>
</testsuite> <!-- executeClasses.ExecuteManagePage -->
